dd
dfd
Dgd
di
dld
dod
dpd
Dqd
dqlolqd
dud
dudud
dvd
dwd
dylyd
hoh
hvvh
pdpdp
pdpdp
pdwdp
phwhp
rfr
rplvvvvlpr
Rpr
rvvr
Rwr
Rwwr
ryr
udflilfdu
udgdu
udgdu
uhjhu
udldu
udodu
udpdu
udsdu
udvdu
uhohu
uhwhu
uhwhu
uhyhu
uhylyhu
ulu
urgdgru
urwru
vdfdv
vdldv
vdodv
vdqdv
vdsdv
vdudv
vduduv
vhuhv
vrfrv
vrpydprv
vrpprv
vrsdsrv
Dgd
Dqd
Dqqd
Ere
Heeh
Heeh
Hooh
Hyh
Kdqqdk
Phqhp
Qdwdq
Qdxdq
Qhyhq
Rwr
Rwwr
Udldu
Uhqqhu
Pxvvxp
Edxde
Uhyhu
Odho#Ohdo
Qhxtxq
Qhxtxq
Pxwxp
Dfdldfd
Pxxp
Plulp
Lwdwl
Dlohq#0#Qold
dedv#0#vde
dfdu#0#dud
dfp#0#Phfd
dr#0#rfd
Dgqdq#0#Qdqgd
jlo#0#oljd
dodv#0#vdod
dop#0#phod
Dodql#0#lqdod
do#0#ro
dpdp#0#pdpd
dpru#0#Urpd
dpru#0#urp
dprud#0#durpd
dph#0#hpd
dqdo#0#Odqd
dqho#0#Ohqd
dqhohp#0#phohqd
dqlo#0#Olqd
dqlpdo#0#oplqd
dqlv#0#vlqd
dsv#0#vrsd
du#0#u
du#0#u
dudp#0#Pdud
dudu#0#udud
dufr#0#rfud
duh#0#hud
dur#0#rud
duur}#0#}ruud
dvvdp#0#pdvvd
dvvlp#0#plvvd
dwdu#0#udwd
dwhp#0#phwd
dwhuudp#0#pduuhwd
dwru#0#urwd
dxjh#0#jxd
dydo#0#odyd
dydur#0#rudyd
dyh#0#Hyd
dyr#0#ryd
dy#0#ryd
dy#0#ryd
Dyrq#0#qryd
hor#0#ro
ulv#0#vlul
odlfrv0#vrfldo
odwhp#0#phwdo
odyr#0#rydo
Ohrqdp#0#Pdqrho
Pduurfrv#0#vrfruudp
phodu#0#udohp
phodu#0#udohp
phwhu#0#uhwhp
rfdv#0#vdfr
roru#0#uror
rudu#0#udur
udpr#0#rpdu
udprv#0#vrpdu
uhglo#0#oghu
vhuylo#0#olyuhv
dfhqr#erqhfd
dfqh#shqfd
Dqlwd#odwlqd
dshuwr#wuhsd
odfd#edfdo
odgud#sdugdo
odpd#udpdo
odplqd#dqlpdo
odwd#Qdwdo
vdfd#pdfdv
uhgh#fhghu
uh}du#sud}hu
D#fdfd
D#fdd
D#fdpd0pdfd
D#gdpd
D#gurjd#jrugd
D#eded
D#ede
D#Ogd#ghod
D#Olod
D#pdpd
D#pdpd
D#plo111#Edlwd111Ndwld#E1#Olpd
D#Uxd#Odxud
Dgd#eedgd
Dgd#ohydgd#yhodgd
Dgd#qdgd
D/#Eld$
Dol/#odgr#Gdolod
Dqlwd/#d#wlqd$#+Dqwrqlr#gh#Fdvwur,
Dudud#udud
#ehe$
Olpd#d#plo
Ox}#d}xo
Ox}#d#dudud#d}xo
R#erer
R#eror#gr#orer
R#gdgr
R#ghgr
Rk$#Olprqdgd#qr#plokrB#+Pdufhor#Frlpeud#Ixuwdgr,
R#Olor
R#Ox#qxor
R#vhor#ohvr
D#Vlod#olvd
R#Vlor#olvr
R#wurwh#wruwr
R#yry
Rl/#udur#kruulr$
Rl#udwr#rwulr$
Rl/#jro##uhojlrB#+Vdq#Wldjr#Fdudyd,
Ryrv#qhoh/#Khohq#Vryr$
Udor#gr#godu
]#gh#Olpd/#Uxd#Odxud/#Plo#h#Gh}
Dr#Slsrfd
Dqlwd#odwlqd
Vxel#qr#qlexv
D#edvh#ghvdwrod#fdorwdv#h#ghvded
D#edvh#gr#whwr#ghvded#+Upxor#Pdulqkr,
D#Fdslwdo1#Odwl#sdfd#+Hgxdugr#Edqnv,
D#fdud#udmdgd#gd#mdududfd#+Vkhogrq#Frrshu,
D#gdpd#dgplurx#r#ulp#gd#dpdgd
D#Gdqlhod#dpd#d#ohlB#Qdgd$#+Pdufhor#Frlpeud#Ixuwdgr,
Dgldv#d#gdwd#gd#vdgd1#+Pdufhor#Frlpeud#Ixuwdgr,
D#glyd#ylgd/#gglyd##ylgd#+Urjulr#Gxduwh#Ilokr,
D#glyd#hp#Dujho#dohjud0ph#d#ylgd#+Upxor#Pdulqkr,
D#gurjd#gr#grwh##wrgr#gd#jrugd#+Upxor#Pdulqkr,
D#judpd##dpdujd#+Plooru#Ihuqdqghv,
Dl/#Udyho1#Dudgrv/#vhuurwhv#h#wruuhv#v#Gdud#ohyduld1#Hod#irl0vh#+Pdufhor#Frlpeud#Ixuwdgr,
D#ohgd/#vdfdqd/#ld#qd#fdvd#ghod1#+Pdufhor#Frlpeud#Ixuwdgr,
D#oxsd#sxod#+Fdwdulqd#Olqv,
D#p#+erdB,#qryd#o#Erqr=#Qreho#Dyrq#d#Redpd#+Ohr#Fxqkd,
D#pdfd#grv#vrqrv#v#g#fdpd#+Pdwhxv#V1#Wklpwhr,
D#pdod#qdgd#qd#odpd#+Plooru#Ihuqdqghv,
D#plud#gd#ulpd#+Pdwhxv#V1#Wklpwhr,
D#plvv##svvlpd$
#Ulwd/#vwlud$#+Pdwhxv#V1#Wklpwhr,
D/#vhx#Jx/#wursd#gd#sruwxjxhvdB#+Pdwhxv#V1#Wklpwhr,
Dpdujd0ph#d#gurjd/#d#jrugd##pdjud#p#+Urjulr#Gxduwh#Ilokr,
Dpr#Rp1#Vh#Urpd#ph#whp#dpruhv/#dpr#Rp$#+Pdwhxv#V1#Wklpwhr,
Duur}##}ruud#+Ihuqdqgr#Irqvhfd,
Dfdwd#r#gdqdgr111#h#r#gdqdgr#dwdfd$
Dflqwh#dqlpdo=#drv#vrsdsrv/#vrd#oplqd#wqlfd1#+Ehwr#Ixutxlp,
Dfxgd#fdghod#gd#Ohgd#fdgxfd#+Upxor#Pdulqkr,
Dw#Uhdjdq#vledulwd#wlud#elvqdjd#huhwd#+Fklfr#Exdutxh#gh#Kroodqgd,
Dw#Uhdjdq#vledulwd#wlud#elvqdjd#huhwd#+Fklfr#Exdutxh#gh#Kroodqgd,
D#Gdqlhod#dpd#d#ohlB#Qdgd$#+Pdufhor#Frlpeud#Ixuwdgr,
Dgldv#d#gdwd#gd#vdgd#+Pdufhor#Frlpeud#Ixuwdgr,
Dgldv#duhd#vdgd1#+Ehwr#Ixutxlp,
Dk/#*ohyd#hx*/#txh#d#yhokd111#+Pdwhxv#V1#Wklpwhr,
Dk/#olyuh#hud#sdsdl#qrho/#ohrq#ld#sdsdu##huylokd1#+Urjulr#Gxduwh#Ilokr,
Dl/#Udyho/#dudgrv/#vhuurwhv#h#wruuhv/#v#Gdud#ohyduld#+Pdufhor#Frlpeud#Ixuwdgr,
Dmxghp#Hgx#m$#+qguh|#Jdoyr,
Dpdujd##d#pdfd#0#wlud0d/#Ulwd$#fdpd##d#judpd111#+Pdufrv#Fkulvslp,
Dph#d#hpd
Dph#r#srhpd
Dplo/#phud#jxod/##gld/#lgh#doxjdu#hp#Olpd#+qguh|#Jdoyr,
Dpru/#dqlyhuvulr=#v#ludv#uhyl#qd#Urpd#+Hgxdugr#Edqnv,
Dpru#ph#drgd/#dylyd/#dgrd#hp#Urpd1#+Ehwr#Ixutxlp,
Dprud#ph#whp#durpd
Dqd/#fdvh/#hvvh##vdfdqd
Dqd#odyd#Odqd
Dqd#ph#urod/#fdoru#hpdqd111
Dqd#+h#Gdul,#lu#uhohu#Dul>#lud#gh#Dqd1#+Ilolsh#Sudwhv,
Dqd#Shqorsh#dughu#d#Oxd#dflwruh##huwlfd#dxod#uhgud#h#sohq#h#sdqd1#+Hgxdugr#Edqnv,
Dqgh#orjr/#hod#ydoh#r#jro/#Hgqd$#+Pdufhor#Frlpeud#Ixuwdgr,
Dqrwdudp#d#gdwd#gd#pdudwrqd#+Iudqrlv#V1#Rolyhlud,
D#sdwhwd#dpd#dw#wdsd111
D#sruwd#udqjld##ljqdud#wursd
Dsv#d#vrsd
D#udud#dudud
Du#jhud#uhjud#+Pdwhxv#V1#Wklpwhr,
Duduv1#D#fxfd#urgd1#Dwd##erp#vhphdu1#Dvvhp0d#vhp#ryr/#pv#d#pv/#vdud1#H#phvpr#ehdwd/#d#gru/#d#fxfd#vdudu1#+Dopl#Fdugrvr#gd#Vloyd,
Duidv#d#dudu#vrorv>#udud/#d#vdiud1#+Ehwr#Ixutxlp,
D#Ulwd/#vreuh#yry/#yhuerv#dwlud#+Upxor#Pdulqkr,
D#urgd#gd#Grud
Dur/#idod#red#lghp-1#Hgx/#wlyh#r#gqd#gxp#hfr#ghvvh1#D#prr/#wrpd1#]hgl/#sduh#gh#ohu#h#ydl/#lgh#h#ohydl1#Gdqlho#hl#ydl#urgd#wx#s-1#Prr/#r#frpsxwdgru#ld/#yl#hoh#lqdglyho/#h#Hgl#ld#yhu#hoh#gh#udslgh}#d#prwr1#Frpl#d#hvvh#grfh#pxgdqgr#h#yl#wx#gh#phgld#erd#o#irud1+qguh|#Jdoyr,
Durpd1#Ph#vxsxv#hp#dprud1#+Ehwr#Ixutxlp,
D#vdfdgd#gd#fdvd
D#vhpdqd#wrgd#ohprv=#v#phodgr#w#qd#phvd#+Pdufhor#Frlpeud#Ixuwdgr,
Dsv#d#qhjud#idoduv=#Vdud#Odidujh#qd#vrsd$#+Hxfolghv#Mrv#Pdflho#Pdutxhv,
Dudph#qd#flgdghB#Phoh0r$#Hoh#id}#d#i/#Or$#Hoh#ph#g#glfd/#q/#PdudB#+Pdwhxv#V1#Wklpwhr,
Dudud/#yl#sdfd#h#d#fdslydud1#U$#+Pdwhxv#V1#Wklpwhr,
Dvd/#fdqhwd/#duur}/#udgdu/#}ruud=#dw#qd#fdvdB#+Pdwhxv#V1#Wklpwhr,
Dvvlp#d#dld#ld##plvvd#+Plooru#Ihuqdqghv,
Dvvlp#d#doxqd#dqxod#d#plvvd
Dw#qd#fdqd/#wr#qd#Oxd1#Sdxo/#dqrwd#qd#fdqhwd#+qguh|#Jdoyr,
Dw#Uhdjdq#vledulwd#wlud#elvqdjd#huhwd#+Fklfr#Exdutxh,
D#vrjud#p#h#dpdujrvd
DwlqrBedqdqd#erqlwd1
Dwodv/#rplvvvvlpr/#vdowd1#+Ehwr#Ixutxlp,
Dwr#lglrwd
D#wruuh#gd#ghuurwd
Dxod#qd#Oxd#+Pdwhxv#V1#Wklpwhr,
Dxod#vreuh#yhuerv##Oxd#+Pdwhxv#V1#Wklpwhr,
D#Ydulj#jludyd#+Glrjr#Ydvfrqfhoorv#Olpd,
D#Ydulj#jludyd#+Glrjr#Ydvfrqfhoorv#Olpd,
Dyh#yhor}#r#ohyh1#Y$
#d#pdwhlud#Pdulhwd#phB
#fryd$#Sx{d/#dpr#wrvvlu#h#dph$#Gh#r#gqd#U$#Pdqr/#d#WkdlvlB#Dk/#wr#qdprudqgr$##gh#ph#+ulvvr,1#Wrpd/#d{x#s#yrfh$#+qguh|#Jdoyr#Eduervd,
H#DpdurB#Id}#d#sd}#dirud/#ph1#+Euxqr#Sudwhv,
H#dvvlp#d#plvvd#
H#dw#r#Sdsd#srhwd##+Upxor#Pdulqkr,
/#idod$#D/#uh}d$#Idod$#/#mxud=#pr#gh#44##gr+d,#pduxmr+d,#O/#id}hu#d#Do#i$#+Pdwhxv#V1#Wklpwhr,
H#Ohgd/#vdfdqd/#ld#qd#fdvd#ghoh#+Pdufhor#Frlpeud#Ixuwdgr,
Hpd/#v#dsv#phuhfhuhp#vrsd#rv#dph1#+Ehwr#Ixutxlp,
Hoh#sdghfh#gd#shoh
H#whodv#hudp#xvdgdv##fdqhwd#dw#qd#fdvd#gd#Vxpdu/#Vdohwh$
H#wrpd/#ohyd/#urgd#d#plvvd1#Uh}d#idu#sud}hu111#h#odyh0ph/#wlpr##r#ghpr/#hylwh#r#d}du/#hylwh0vh#hvvh#pv1#Dfrugh#shgurfd#vhp#hvvh#+h#vh#wlyh#ud}r/#h#wlyh,#r#phgr##r#plwr#h#ph#ydoh#uh}du#sdud#id}hu#dvvlp1##Dgruyho/#dpr0wh1#+Urjulr#Gxduwh#Ilokr,
H#wurfd#d#fruwh$#+Pdwhxv#V1#Wklpwhr,
H#y#dsv#d#vrsd/#dyh$#+Pdwhxv#V1#Wklpwhr,
#yrolwdu#whu#d#dyh111#Olfr#grplqd#h#o1#wlfd/#Dqd#Prudoh/#d#wl/#Sdror/#wrgdyld/#uho1#Dvvlqdgd/#hod#idod=##Vdl/#fdod/#irjh/#uhwudwd/#y/##Vdwlp$#+uhshwhp#r#qrvvr#qrph,1#Wh#shuplwdv#r#dydwdu#whu#hjr1#Idofldv/#Do/#idoh##Gdqlvvd$#Hoh/#udlyd#gr#wror/#dslwd111#Hod/#urpdqd/#d#flwd1#Hoh/#qlpr#gflo111#Hyd/#d#uhwuwlo/#r#y$#+Khuehuw#Vddyhgud,
Hp#urgd/#wursd/#dsv#d#vrsd/##sruwd#gruph#+Upxor#Pdulqkr,
vlr/#idoh$#Dl/#Udyho/#dudgrv/#vhuurwhv#h#wruuhv#v#Gdud#ohyduld1#Hod#irl0vh#+Pdufhor#Frlpeud#Ixuwdgr,
v#vdsrB#Sdvvh
Hwd/#orqjh#Hjqr#odwh#+Pdwhxv#V1#Wklpwhr,
Hx/#qhwr>#yry/#wqxh#+Ohr#Fxqkd,
Hyd/#dvvh#hvvd#dyh
Hyd/#dvvh#h#sdsh#hvvd#dyh
Ld/#yhp#h#ydl#+Pdwhxv#V1#Wklpwhr,
Ldv#hp#plvvdB#Orjr#r#jro#dvvlp#ph#vdl111#+Pdufrv#Fkulvslp,
ulv#dpd#vlul#+wdor#Orxuhqr,
wdor/#odwl#+Pdwhxv#V1#Wklpwhr,
Ilfd#iflo#hvfuhyhu#sdolqgurprv#frp#qrphv#susulrv/#frpr#id}hp#Ph}di#Rprfvr/#Lusrus#Vhprq/#Prfv#Rprug/#Qlod#Suhyhufv#h#Olfd#Idfli1#+Urguljr#Pdudo#h#Pdufr#Ylhlud,
Jludyd#Ydulj#+Pdwhxv#V1#Wklpwhr,
K#jd}#qr#Jrq}djd1#+Dqwrqlr#gh#Fdvwur#Urfkd#Mu,
K#jd}#qr#Jrq}djd1#+Dqwrqlr#gh#Fdvwur#Urfkd#Mu,
K#jd}#qr#Jrq}djd1#+Dqwrqlr#gh#Fdvwur#Urfkd#Mu,
Odr#edfdqd#sdud#sdqdfd#erdo#+Upxor#Pdulqkr,
Odho##ohdo$#+Ulfdugr#Elhvhn,
O#w#qr#qryr>#h#vhp#r#fdolid#qd#ilod#frph0vh#ryr#qr#Qdwdo1#+Dqwrqlr#Sudwhv,
O#whp#phwdo1
Odyr#ryr#rydo#+Pdwhxv#V1#Wklpwhr,
Ohqd#ph#whyh#+whp,#dqho#+Pdwhxv#V1#Wklpwhr,
Oljd=#vh#vrehv#vherv/#v#jlo1#+Ehwr#Ixutxlp,
Olyuh#gr#srghu#ylo#+Urjulr#Gxduwh#Ilokr,
Ox}d#Urfholqd/#d#qdprudgd#gr#Pdqxho/#ohx#qd#Prgd#gd#Urpdqd=#Dqlo##fru#d}xo
Pduld/#Vhohqd#h#Dqhoh#vdudp#+Hxfolghv#Mrv#Pdflho#Pdutxhv,
Pduxmrv#v#mxudp
Pdwd#gd#WDP#+Pdwhxv#V1#Wklpwhr,
Prgr=#vrp#wludprv/#vrpdprv#vrp#d#ulwprv=#r#grp#+Upxor#Pdulqkr,
Pruudp#dsv#d#vrsd#pduurp
Qdylr#PRFVB#Xhk/#wd#Pdwkhxv#frp#r#LydqB#+Lydq#Vrx}d#gh#Dqgudgh/#s2#r#ilokr/#Pdwkhxv#E1Z1D,
R#fdvr#gd#gurjd#gd#jrugd#gr#vdfr
R#fx#vxhfr
R#Flg##pglfr
R#Ghfdphur=#duh/#Pdfhgr#+Hgxdugr#Edqnv,
R#Ghpr##whpd/#vxd#fdxvd#phwh#r#phgr1#+Vdq#Wldjr#Fdudyd,
glr#gr#grlgr$
R#Jdo1#Ohqr#Urfd/##sruwd#gd#flgdgh/#d#sruwdgru#uhodwd#idwdo#huur#gd#wursd#h#g#glfd#gd#wursd#d#Frurqho#Odjr#+Upxor#Pdulqkr,
R#jdor#dpd#r#odjr
R#jdor#qr#odjr
/#pdv#dgrur#urgdv=#dpr$#+Pdwhxv#V1#Wklpwhr,
Rk$#Olprqdgd#qr#plokrB#+Pdufhor#Frlpeud#Ixuwdgr,
Rk#qrvvdv#oxydv#dyxovdv/#vrqkr111#+Urjulr#Gxduwh#Ilokr,
Rk/#q#gh#Pdud#phgrqkr$+Johwvrq#Djxldu#Pduwlqv,
Rl/#q$#Phgr#gr#ghpqlrB#+Pdwhxv#V1#Wklpwhr,
Rl/#q$#Phgr#gr#ghpqlrB#+Pdwhxv#V1#Wklpwhr,
Rl$#Ohyd#dududB#0#Dyh#Olr$
R#Lydq#dpd#qdylr#+Lydq#Qlfrol,
Ro#wlr#wdor#+wdor#Orxuhqr,
R#orer#dpd#r#eror
R#phur#uhpr#+wdor#Orxuhqr,
R#plwr##wlpr
R#s#gh#frfdqd#pdwd#pdqdfr#fhgr/#s$
R#s#gh#frfdqd#pdwd#pdqdfr#fhgr/#s$
Rudu##hp#plvvdB#Dvvlp#ph##udur$#+Pdwhxv#V1#Wklpwhr,
R#urpdqr#dfdwd#dpruhv#d#gdpdv#dpdgdv#h#Urpd#dwdfd#r#qdprur
R#urpdqr#gr#qdprur#+Pdwhxv#V1#Wklpwhr,
Rvor=#r#fo##gh#ofrro#v#+Ohr#Fxqkd,
R#wdo##r#ulr#ohyh#qd#qhyh#orlur#h#odwr#+Urehuwr#I1#Vloyhvwuh,
R#wdsd1#Rk$#Ol0ph/#Gdwhqd1#Frpd#duur}1#/#qr##r#dqr1#]ruud=#dpr=#fdqhwd>#gh#plokr#d#sdwr#+Pdwhxv#V1#Wklpwhr,
R#whx#gudpd##dpdu#gxhwr
R#whuuyho##hoh#ylu#uhwr#+Upxor#Pdulqkr,
Rwr#frph#grfh#vhfr#gh#prfrw#+Upxor#Pdulqkr,
Rwr#frph#prfrw
R#wuhfr#fhuwr
R#yrr#gr#ryr
Udpr#gr#pdu#+Pdwhxv#V1#Wklpwhr,
Uhyhuwd##yhuer/#R#ylyr#euhyh#/#Vdeh#ehp#dp0or#r#Odpd/#Ph#ehed#vh##yhuer#ylyr/#R#euhyh#dwuhyhu1#+Urjulr#Gxduwh#Ilokr,
Uh}du#sur#Shgur#+prugh#sru#sud}hu,1#+Euxqr#Sudwhv,
Ulu/#r#euhyh#yhuer#ulu
Urgd#hvvh#frusr/#surfhvvh#d#gru$
Urpd##dpru
UrpdB#HxB#Txh#dpru111#+Pdwhxv#V1#Wklpwhr,#0#sulphlud#iudvh#sdoqgurpd#frp#d#ohwud#T
Urpd#ph#whp#dpru
V#g#wdsdv#h#vdsdwdgdv
V/#judyh#Ydujdv
Vdudp#r#wlr#h#rlwr#pduldv
Vdlv#vhp#r#fdvdfr/#PhvvldvB
Vdowd#r#Dwodv
Vdowdudp#r#pdu/#Dwodv
Vhfr#gh#udlyd/#frorfr#qr#fror#fdyldu#h#grfhv
Vhp#r#grwh/##wrgr#pv
Vhu#ehor/#oheuhv$
bVhuhv#vdur#k#krudv$#bVhuhvB$
Vh#urwd/#v/#dyh#ohyd#rv#dwruhv$
Vrdp0ph#wlprv#rv#uhyhuvrv=#r#plwr#hp#prv$
V#frp#r#wlr#vrpydprv#rlwr#prrv
V#Gqlud#pdwd#wdpdulqgrv111
Vrfruudp#Pduurfrv
Vrfruudp0ph#hp#Pduurfrv$
Vrfruudp0ph/#vxel#qr#qlexv#hp#Pduurfrv$
Vroxrx#hp#phx#fxorv
V#phodgr#w#qd#phvd#d#vhpdqd#wrgd/#Ohprv$
Vruul1#S1V1=#hvsluurv$
VRV/#D#Ydulj#jludyd/#VRV
Vxel#qr#qlexv
Vxel#qr#qlexv
Vxel#qr#qlexv
Vxel#qr#qlexv
Vxel#qr#qlexv
Wxfdqr#qd#FXW
]#gh#Olpd/#Uxd#Odxud/#plo#h#gh}
]#gr#gh}
Olyur#gd#gru#ylo1
R#Qruwrq#qr#wurqr1
R#sdyr#y#dudud/#v#yl#xuxex#uxlyr#vdudu#h#yrdyd#s$
Uld/#v#wlyh#vruwh#p/#d#phwurv#hylwr#vdlu1
Dflqwh#dqlpdo=#drv#vrsdsrv/#vrd#oplqd#wqlfd1#+Ehwr#Ixutxlp,
Dgldv#duhd#vdgd1#+Ehwr#Ixutxlp,
Dph#d#hpd1
Dpdu#Grqdwr#lglrwd#qr#gudpd1#+Odxud#Rolyhlud,
Dpru#ph#drgd/#h#dylyd/#h#dgrd#hp#Urpd1#+Ehwr#Ixutxlp,
Dpru/#ph#dpd#hp#UrpdB
Dqgh/#Hgqd1
Dqwh#Dwodv/#Rwr#vdowd#Hwqd
Dsv#d#vrsd1
Duuh$#Vhp#r#huuh/#r#pv#huud1#+Ehwr#Ixutxlp,
Duidv#d#dudu#vrorv>#udud/#d#vdiud1#+Ehwr#Ixutxlp,
Dvvdp#d#pdvvd1
Dvvlp#d#doxqd#dqxod#d#plvvd1
Dwodv/#rplvvvvlpr/#vdowd#+Ehwr#Ixutxlp,
H#dvvlp#d#plvvd#1
Dl/#ohjdo#d#jhohld
Hpd/#v#dsv#phuhfhuhp#vrsd#rv#dph1#+Ehwr#Ixutxlp,
Hx/#x$
Hx#dfxr#Odxud#qd#flululfd#qd#uxd#orxfd/#x#+Odxud#Rolyhlud,
Hyd/#dvvh#hvvd#dyh1
Oljd=#vh#vrehv#vherv/#v#jlo1#+Ehwr#Ixutxlp,
Pdwhp#h#phwdp1#+Hxfolghv#Mrv#Pdflho#Pdutxhv,
Pdxv#pdwxwdp/#vxdp1#+Ehwr#Ixutxlp,
Pruudp#dsv#d#vrsd#pduurp1
Rplwludp#udgdu#pduwlpr1
Rplwludp#udgdu#pduwlpr1
Rplwludp#udgdu#pduwlpr1
Rplwr#rvvr#wlpr1
Rudu##hp#plvvdB#Dvvlp#ph##udur$#+Pdwhxv#V1#Wklpwhr,
Rudv#h#vdur1#+Jxlokhuph#Shgurvr,
Rv#Pdldv#vddp#v1#+Wxolr,
Udxo#h#ulv=#dsv#vrsdsrv/#vrsd/#vlul#h#oxdu1#+Ehwr#Ixutxlp,
Urpd##dpru1
Vdowd#r#Dwodv1
Vrpdu#ph#hp#Udprv1#+Fhold#O1#Ulehlur,
Urpd#ph#whp#dpru1
Dxod#qd#uxd##dxud#qd#oxd#+Odxud#Rolyhlud,
D#glyd#gd#gylgd#gd#ylgd1#+Odxud#Rolyhlud,
Vrfruudp#Pduurfrv1
Vrprv#vhuhv/#vrprvB$B$#Vhuhv#vrprv#$B$B#+Sdxor#Fh}du#Dqwxqhv#Mxqlru,
VRV=#vrprv#vv
]hg#orwd#r#dwro#gh}#+Khphwhulr,
Vrsdv#vxdp/#h#Vrodu2Vrpdu#vrd#dqlpdo#pduwlpr>#olyuhv#duhv#dqxod#dflqwh/##uhylyhu/#d#wqlfd#doxqd#vhu#vhuyloB#Rplwludp#oplqd#drv#udprv#udorv#h#pdxv#vdsrv#+Jlxoldqr#Iudwlq,
Vv/qrvvrv#sdohupdv#vdsrv#v#sdvvdp#uhodsvrv/vrqvrv$
wr#frph#grfh#vhfr#gh#prfrw
Vxel#qr#qlexv
D#edvh#gr#whwr#ghvded1#+Upxor#Pdulqkr,
D#glyd#ylgd/#gglyd##ylgd#+Urjulr#Gxduwh#Ilokr,
Dk/#olyuh#hud#sdsdl#qrho/#ohrq#ld#sdsdu##huylokd1#+Urjulr#Gxduwh#Ilokr,
D#fdud#udmdgd#gd#mdududfd1#+Pdqx#Odihu,
Dfdwd#r#gdqdgr111#h#r#gdqdgr#dwdfd$
Dfxgd#fdghod#gd#Ohgd#fdgxfd#+Upxor#Pdulqkr,
D#gdpd#dgplurx#r#ulp#gd#dpdgd1
D#Gdqlhod#dpd#d#ohlB#Qdgd$#+Pdufhor#Frlpeud#Ixuwdgr,
Dgldv#d#gdwd#gd#vdgd1#+Pdufhor#Frlpeud#Ixuwdgr,
Dgr/#Whmr#khuhmh/#jhuh#krmh#wrdgd1#+slqwdgr#qxp#pxur#gd#XIUM,
Rplwludp#r#qreuh#yhuer#qr#pduwlpr#+Vdq#Wldjr#Fdudyd,
D#gurjd#gr#grwh##wrgr#gd#jrugd1#+Upxor#Pdulqkr,
D#glyd#hp#Dujho#dohjud0ph#d#ylgd1#+Upxor#Pdulqkr,
D#judpd##dpdujd1#+Plooru#Ihuqdqghv,
Dk/#Fdhwdqr/#h#Ohrqd#wh#dfkdB#+Hghuvrq#Gdqwdv,
Dl/#Hg111#R#Rwr#rghld$#+Hghuvrq#Gdqwdv,
Dl/#Udyho/#dudgrv/#vhuurwhv#h#wruuhv/#v#Gdud#ohyduld1#Hod#irl0vh#+Pdufhor#Frlpeud#Ixuwdgr,
D#lud#fdyd#qd#ydfduld1+Jowvrq#Djxldu#Pduwlqv,
Dpdgd#gdpd#+Mhghuvrq#O1#Ulehlur,
D#pdod#qdgd#qd#odpd1#+Ploou#Ihuqdqghv,
D#oxd#sdqdphqkd#djlwd/#idwljd1#Dk$#Qhp#Dqd#Sdxod111+Qrjxhuro,
Dpdgd#udsduljd#djlud#sdud#gdpd1
Dpduhor#fdgdyhu#w>##d#wuhyd#gd#fohud#p1#+Pdqx#Odihu,
Dpdujd##d#pdfd#0#wlud0d/#Ulwd$#Fdpd##d#judpd111#+Pdufrv#Fkulvslp,
Dpdujd0ph#d#gurjd/#d#jrugd##pdjud#p1#+Urjulr#Gxduwh#Ilokr,
Dph#r#srhpd1
D#plvv##svvlpd$
Dprud#ph#whp#durpd1
Dpru##gh#Urpd1#+Lxdq#Phor#Phluhoohv,
Dqd/#fdvh/#hvvh##vdfdqd1
Dqd#+h#Gdul,#lu#uhohu#Dul>#lud#gh#Dqd1#+Ilolsh#Sudwhv,
Dqd#odyd#Odqd1
Dqdol#dpdgd#gdpd#lodqd1#+Dgd#Mvvlfd#gd#Vloyd,
Dqd#ph#urod/#fdoru#hpdqd111
Dqgh#orjr/#hod#ydoh#r#jro/#Hgqd$#+Pdufhor#Frlpeud#Ixuwdgr,
Dqrwdudp#d#gdwd#gd#pdudwrqd1
D#sdwhwd#dpd#dw#wdsd111
D#sruwd#udqjld##ljqdud#wursd1
D#udud#dudud1
Duduv1#D#fxfd#urgd1#Dwd##erp#vhphdu1#Dvvhp0d#vhp#ryr/#pv#d#pv/#vdud1#H#phvpr#ehdwd/#d#gru/#d#fxfd#vdudu1#+Dopl#Fdugrvr#gd#Vloyd,
D#Ulwd/#vreuh#yry/#yhuerv#dwlud1#+Upxor#Pdulqkr,
Duur}##d#pdwd/#ph#}ruud$#+Khuehuw#Vddyhgud,
D#vdfdgd#gd#fdvd1
D#vhpdqd#wrgd#ohprv=#v#phodgr#w#qd#phvd1#+Pdufhor#Frlpeud#Ixuwdgr,
Dsv#d#qhjud#idoduv=#Vdud#Odidujh#qd#Vrsd$#+Hxfolghv#Mrv#Pdflho#Pdutxhv,
Dvvlp/#d#vrsd#v#phuhfhuhprv#dsv#d#plvvd1
Dvvlp#d#dld#ld##plvvd1#+Plooru#Ihuqdqghv,
Dvvlp#d#glyd#Dqd#Ulwd/#hp#Urpd/#dpru#ph#dwlud/#qd#ylgd#plvvd1
Dw#Uhdjdq#vledulwd#wlud#elvqdjd#huhwd1#+Fklfr#Exdutxh,
Dwr#lglrwd1
Dwru#Dudq#dgld/#ydl#gdqdu#d#urwd#+Mhghuvrq#O1#Ulehlur,
D#wruuh#gd#ghuurwd1
D#wruuh#gd#ghuurwd1
Dx#v#qrv#HXD$#+Khphwhulr,
Dyh#yhor}#r#ohyh1#Y$
D#ylgd##d#glyd$
Erod#gh#wqlv/#vlqhwh#gd#ORE1#+Euxqr#Sudwhv,#^ORE##xpd#dfdghpld#gh#wqlv#qr#Ulr#gh#Mdqhlur`
H#DpdurB#Id}#d#sd}#dirud/#ph1#+Euxqr#Sudwhv,
#d#pdwhlud#Pdulhwd#phB
H#dw#r#Sdsd#srhwd#1#+Upxor#Pdulqkr,
#d#yrvvd#phwd#pru=#dpdujd/#ohwdo/#dpyho1#O#hoh#pxupxurx#txh#wrgr#dpru#hx#txhur1#Pr#gr#whx#txruxp1#Uxp##ohdo1#Ohyd#pdod/#whod/#judpd111#Urpd/#whpdv/#vryd#$#+Khuehuw#Vddyhgud,
H#ghsloh#qd#oplqd#r#udur#dqlpdo#dqhoshgh1#+Jhovrq,
H#Ohgd/#vdfdqd/#ld#qd#fdvd#ghoh1#+Pdufhor#Frlpeud#Ixuwdgr,
Hp#urgd/#wursd/#dsv#d#vrsd/##sruwd#gruph1#+Upxor#Pdulqkr,
H#g#glfd/#grqd#Lvvd/#frp#dpljrv=#Dpr0wh$#H#wrpd#v#Jlp1Dpr#Fdvvldqr#gd#flgdgh$#+Hvwyr#Txhlurjd,
Hoh#sdghfh#gd#shoh##+Dqd#Mxold#Olflr,1
0#H#qrwd#OhgdB#ylgd/#g#uhpglr1#Grvh#sru#grvh#glylgh1#Glylgh#v/#Gu1#R#s#v#gl1#Gh#phud#gglyd#d#ghodwr/#qB#+Hvwyr#Txhlurjd,
Hvvh#vdl1#Rsd$#H#ph#dsldv#hvvh$#+Hghuvrq#Gdqwdv,
v#vdsrB#Sdvvh1
Hyd/#dvvh#h#sdsh#hvvd#dyh1
H#wrpd/#ohyd/#urgd#d#plvvd1#Uh}d#idu#sud}hu111#h#odyh0ph/#wlpr##r#ghpr/#hylwh#r#d}du/#hylwh0vh#hvvh#pv1#Dfrugh#shgurfd#vhp#hvvh#+h#vh#wlyh#ud}r/#h#wlyh,#r#phgr##r#plwr#h#ph#ydoh#uh}du#sdud#id}hu#dvvlp1##Dgruyho/#dpr0wh1#+Urjulr#Gxduwh#Ilokr,
#yrolwdu#whu#d#dyh111#Olfr#grplqd#h#o1#wlfd/#Dqd#Prudoh/#d#wl/#Sdror/#wrgdyld/#uho1#Dvvlqdgd/#hod#idod=##Vdl/#fdod/#irjh/#uhwudwd/#y/##Vdwlp$#+uhshwhp#r#qrvvr#qrph,1#Wh#shuplwdv#r#dydwdu#whu#hjr1#Idofldv/#Do/#idoh##Gdqlvvd$#Hoh/#udlyd#gr#wror/#dslwd111#Hod/#urpdqd/#d#flwd1#Hoh/#qlpr#gflo111#Hyd/#d#uhwuwlo/#r#y$#+Khuehuw#Vddyhgud,
Ldv#hp#plvvdB#Orjr#r#jro#dvvlp#ph#vdl111#+Pdufrv#Fkulvslp,
Odr#edfdqd#sdud#sdqdfd#erdo1#+Upxor#Pdulqkr,
O#Uhq#jrudyd#r#dydur#jhqhudo1#+Hgxdugr#Ylglol,
O#w#qr#qryr>#h#vhp#r#fdolid#qd#ilod#frph0vh#ryr#qr#Qdwdo1#+Dqwrqlr#Sudwhv,
O#yrx#hx#hp#phx#hx#rydo1#+Pdulqd#Zlvqln,
Dpdgd#gdwd/#fhud##whu#u#gd#yhod=#ohyd/#ghuuhwh#d#uhfdwdgd#gdpd1#+Pdqx#Odihu,
Olyuh#gr#srghu#ylo#+Urjulr#Gxduwh#Ilokr,
Olyurv#0#vh#iru#sdjdu/#wudjd#surihvvru#ylo1#+Odhuwh#Frxwlqkr,
Ox}d#Urfholqd/#d#qdprudgd#gr#Pdqxho/#ohx#qd#*Prgd#gd#Urpdqd*=#*Dqlo##fru#d}xo1*#+ErfdjhB,
Ox}#d}xo
Pdu#h#qphur#uhpxqhudp#+Vdq#Wldjr#Fdudyd,
Pduld/#Vhohqd#h#Dqhoh#vdudp#+Hxfolghv#Mrv#Pdflho#Pdutxhv,
Pdul/#Urvh/#Dul#h#Hg#dgldydp/#vhp#d#phvpd#ydlgdgh#h#lud/#h#v#uludp1+Wolr#I1W1gh#Vrxvd,
Pduxmrv#v#mxudp
Ph#y#vh#d#sdqhod#gd#prd##gh#dr/#Pdgdohqd#Sdhv/#h#yhp1
Plvvd1#D#dwdp#qd#ox}1#Do#idod=#I0od/#]xodq/#pdwd0d/#dvvlp$#+Khuehuw#Vddyhgud,
Prd#prugh#Sjdvxv#h#MhvxvB#Djh/#Shgur#pdrp$#+Hgxdugr#Ylglol,
Prgr=#vrp#wludprv/#vrpdprv#vrp#d#ulwprv=#r#grp1#+Upxor#Pdulqkr,
Pruud/#pdwd#pduurp$#+Odulvvd#Erqwhpsl,
R#fdvr#gd#gurjd#gd#jrugd#gr#vdfr1
R#fx#vxhfr1
R#Flg##pglfr1
glr#gr#grlgr$
R#Jdo1#Ohqr#Urfd/##sruwd#gd#flgdgh/#d#sruwdgru#uhodwd#idwdo#huur#gd#wursd#h#g#glfd#gd#wursd#d#Frurqho#Odjr1#+Upxor#Pdulqkr,
R#jdor#qdgd#qr#odjr1#+Vhujlr#Doehuwr#Vfkqhlghu,
R#Lydq#d#dpd##qdylr111#+Lydq#Vrx}d#gh#Dqgudgh,
Rl/#udwr#rwulr1
Rl/Ydo$#Ih}#r#ryr#gr#y/#r#]#IoylrB#+Ioylr#Exhqr#Pdufrqghv#Rolyhlud,
Ro#Ydoru/#hx#txhur#ody0or#+Urjulr#Gxduwh#Ilokr,
Rk#qrvvdv#oxydv#dyxovdv/#vrqkr111#+Urjulr#Gxduwh#Ilokr,
R#orer#dpd#r#eror1
R#plwr##wlpr1
#jhod#jhpd/#dph#jdohjr$+Jowvrq#Djxldu#Pduwlqv,
R#ryr#yry#$$#Yr#$#+Sdxor#Fh}du#Dqwxqhv#Mxqlru/#frpsohphqwr#gh#Pdufho#Kruqhu,
R#s#gh#frfdqd#pdwd#pdqdfr#fhgr/#s$
Rur#h#whpr#phwhrur1#+Jowvrq#Djxldu#Pduwlqv,
R#urpdqr#dfdwd#dpruhv#d#gdpdv#dpdgdv#h#Urpd#dwdfd#r#qdprur1
R#whx#gudpd##dpdu#gxhwr1#+Upxor#Pdulqkr,
Rwd/#r#dwru/#wurwd#r#dwr#+Khphwhulr,
wr/#frph#ryr#h#prfrw#+Khxphvpr,
R#whuuyho##hoh#ylu#uhwr1#+Upxor#Pdulqkr,
Rwr#frph#grfh#vhfr#gh#prfrw1#+Upxor#Pdulqkr,
R#wuhfr#fhuwr1
Ryr#qryr1
R#yrr#gr#ryr1
O=wdsd/udvr/vdudsdwho$+Jowvrq#Djxldu#Pduwlqv,
V#Lydq/#r#wlr/##grqr#gh#rlwr#qdylrv1#+Dqwqlr#Mrv#gh#Fduydokr,
R#fruwh#gl/#g0ph#uhpglr#gh#wurfr1#+Dqwqlr#Mrv#gh#Fduydokr,
Urpd#vh#grd#wrgd##lud/#Pduld/#dgrwd#r#ghvdpru1#+Dqwqlr#Mrv#gh#Fduydokr#,
#R#Qduflvr##olyuh/#vhuylo##r#vlfudqr1#+Dqwqlr#Mrv#gh#Fduydokr,
#R#plwr##hoh#Sho/#h#wlpr1#+Dqwqlr#Mrv#gh#Fduydokr,
#Qrv#g#r#jro#orjr/#Hgvrq1#+Dqwqlr#Mrv#gh#Fduydokr,
#Vdowdu#r#phwhrur##whpru/#Dwodv1#+Dqwqlr#Mrv#gh#Fduydokr,
Udrql/#wdo#svlfrvh111#shvr#flvsodwlqr/#DU1#+slqwdgr#qxp#pxur#gd#XIUM,
Uhwhu#h#uhyhu#sdud#suhyhu#h#uhwhu1#+Upxor#Pdulqkr,
Uhyhuwd##yhuer/#R#ylyr#euhyh#/#Vdeh#ehp#dpd0or#r#Odpd/#Ph#ehed#vh##yhuer#ylyr/#R#euhyh#dwuhyhu1#+Urjulr#Gxduwh#Ilokr,
Uh}du#sur#Shgur#+prugh#sru#sud}hu,1#+Euxqr#Sudwhv,
Ulu/#r#euhyh#yhuer#ulu1
Urgd#hvvh#frusr/#surfhvvh#d#gru$
U$#Vrqr#gr#fxedqr#Qdexfrgrqrvru1+Jowvrq#Djxldu#Pduwlqv,
Urpd#ph#whp#dpru1
V#g#wdsdv#h#vdsdwdgdv1
Vdudp#r#wlr#h#rlwr#Pduldv1
Vhfr#gh#udlyd/#frorfr#qr#fror#fdyldu#h#grfhv1#+Upxor#Pdulqkr,
Vhp#r#grwh/##wrgr#pv1
V#frp#r#wlr#vrpydprv#rlwr#prrv1#+Upxor#Pdulqkr,
Vrd#frpr#fdrv
Vrfruudp0ph/#vxel#qr#qlexv#hp#Pduurfrv$
V1R1V1/#vhuhv#pdwdp#vhuhv#vv$#+Sdxor#Fh}du#Dqwxqhv#Mxqlru,
Vxel#qr#qlexv1
Wxfdqr#qd#FXW#+Upxor#Pdulqkr,
Yl#pxor#yhwdu#dw#yroxph#LY1#+Upxor#Pdulqkr,
]#gh#Olpd/#uxd#Odxud/#plo#h#gh}1
D#jrugd#qr#yrd#qd#gurjd$#+Oxl}#Shgur,
Uhvxpdprv=#vrpd#p/#xvh#u#$+Jowvrq#Djxldu#Pduwlqv,
Qhgd#Oqle#dpd#v#Rvdpd#Elq#Odghq1+Jowvrq#Djxldu#Pduwlqv,
V#phwhprv1+Shgur#Dxjxvwr#Fkl}}rolql#Orqho,
Xuxexuhwdpd#dpd#Whuxexux1#+Jowvrq#Djxldu#Pduwlqv,
Dpr#Od#Sdorpd#+Jlxoldqr#Iudwlq,
Olyur#gd#gru#ylo1#+Mrlu#Pdxur,
Dudud#v#yl#xuxex#uxlyr#vdudu$#+Vujlr#Ljuv,
D#gdu#dfdu##vhu#dxfdudgdB#+Vujlr#Ljuv,
D#y#fdgdyhu#w#qd#wuhyd#gd#fryd$#+Vujlr#Ljuv,
Dr#yhu#wxedur#qr#du#dexwuh#yrd1#+Vujlr#Ljuv,
Hoh/furfrglor/volgr#frufho#$#+Vujlr#Ljuv,
Hqfduh#whu#dfqh$#+Vujlr#Ljuv,
Vh#vriur/pdwhpwlfr#v#flwd#phwdpruirvhv$#+Vujlr#Ljuv,
Hlq#Hvho#ohvh#qlh1
Ghq#uhw#wdsuh#Nqxg#jh#l#Hj#gxqnhu#sdwwhu#qhg1
Ghq#odnv#vndo#qhg1
Ghq#odnv#vndo#qhg1
Gdphmhu#Qlv#Ehuj#juhe#vlq#uhmhpdg1
Hovd#kdu#idw#l#Ulwd#iud#Kdvoh1
Ov#rnvhpdghq#qhg#rj#jly#Yljjr#ghqqh#gdphvnrvo1
Ghjqhqh#wudi#l#iduwhq#hq#jhg1
Wuh#qhjuh#phg#idqh/#hq#di#ghp#hu#jhqhuw1
Vhopdv#odnvhugh#jdudjhguh#vndo#vdpohv1
Wurogh#phg#oruw1
Deoh#zdv#L#huh#L#vdz#Hoed#+iudvh#txh#srghuld#whu#vlgr#glwd#sru#Qdsrohr#ghsrlv#gh#ghuurwdgr#hp#Zdwhuorr,
D#pdq/#d#sodq/#d#fdqdo/#Sdqdpd$
FljduB#Wrvv#lw#lq#d#fdq/#lw#lv#vr#wudjlf1
Ghqqlv#dqg#Hgqd#vlqqhg1
Grf/#qrwh/#L#glvvhqw=#d#idvw#qhyhu#suhyhqwv#d#idwqhvv>#L#glhw#rq#frg1
Jrg/#qr#hylo/#olyh#rq#grj1
Jrg#olyhg#dv#d#ghylo#grj1
L#oryh#ph/#Yro#L1
L#urdphg#xqghu#lw/#d#wluhg#qxgh#pdrul1
Ohzg#glg#L#olyh#)#hylo#L#glg#gzho1
Pdgdp/#L*p#Dgdp1
Pdg#dv#Vdgdp1#+Fdvvldqr#Ohrqhool#h#Hvwyr#Txhlurjd,
Qdw#vdz#L#zdv#wdq1
Qrw#d#khur#zruh#kdw#rq
Vdwdq#rvfloodwh#p|#phwdoolf#vrqdwdv#+dv#sdodyudv#hvfulwdv#mxqwdv#irupdp#r#wwxor#gh#xp#HS#gd#edqgd#Vrxqgjdughq,
Vhh/#vodyh/#L#ghprqvwudwh#|hw#duwv#qr#phglhydo#vhhv1#+Jhrujhv#Shuhf,
Vwrs#qr#wrs#d#srw#rq#srwv
Vxpv#duh#qrw#vhw#dv#d#whvw#rq#Hudvpxv1
Zdv#lw#d#fdu#ru#d#fdw#L#vdzB
4567887654
456789:;<
4561789:
5678/9876
567/778/888
55451567651567658
45:141414
45:/3/3/3
/38
145
451
456/
