
#####################################################
   INICIANDO TESTES PARA N = 100
#####################################################
-----------------------------------------------------
CENÁRIO: Ordenado
-----------------------------------------------------
Pivô Primeiro: 0,097 ms.
Pivô Último: 0,115 ms.
Pivô Aleatório:  0,386 ms.
Mediana de Três: 0,023 ms.
-----------------------------------------------------
CENÁRIO: Meio Ordenado
-----------------------------------------------------
Pivô Primeiro: 0,014 ms.
Pivô Último: 0,019 ms.
Pivô Aleatório:  0,181 ms.
Mediana de Três: 0,031 ms.
-----------------------------------------------------
CENÁRIO: Aleatório
-----------------------------------------------------
Pivô Primeiro: 0,005 ms.
Pivô Último: 0,005 ms.
Pivô Aleatório:  0,061 ms.
Mediana de Três: 0,028 ms.

#####################################################
   INICIANDO TESTES PARA N = 1000
#####################################################
-----------------------------------------------------
CENÁRIO: Ordenado
-----------------------------------------------------
Pivô Primeiro: 0,791 ms.
Pivô Último: 0,596 ms.
Pivô Aleatório:  0,308 ms.
Mediana de Três: 0,179 ms.
-----------------------------------------------------
CENÁRIO: Meio Ordenado
-----------------------------------------------------
Pivô Primeiro: 0,076 ms.
Pivô Último: 0,070 ms.
Pivô Aleatório:  0,139 ms.
Mediana de Três: 0,069 ms.
-----------------------------------------------------
CENÁRIO: Aleatório
-----------------------------------------------------
Pivô Primeiro: 0,077 ms.
Pivô Último: 0,075 ms.
Pivô Aleatório:  0,155 ms.
Mediana de Três: 0,090 ms.

#####################################################
   INICIANDO TESTES PARA N = 10000
#####################################################
-----------------------------------------------------
CENÁRIO: Ordenado
-----------------------------------------------------
Pivô Primeiro: 34,892 ms.
Pivô Último: 33,342 ms.
Pivô Aleatório:  0,439 ms.
Mediana de Três: 0,094 ms.
-----------------------------------------------------
CENÁRIO: Meio Ordenado
-----------------------------------------------------
Pivô Primeiro: 0,484 ms.
Pivô Último: 0,519 ms.
Pivô Aleatório:  0,859 ms.
Mediana de Três: 0,434 ms.
-----------------------------------------------------
CENÁRIO: Aleatório
-----------------------------------------------------
Pivô Primeiro: 0,513 ms.
Pivô Último: 0,513 ms.
Pivô Aleatório:  0,871 ms.
Mediana de Três: 0,522 ms.
